[2026-05-03T23:43:33]   Skipping Understanding AI — next fetch in ~910m
[2026-05-03T23:43:33]   Skipping Artificial Intelligence - News — next fetch in ~1607m
[2026-05-03T23:43:33]   Skipping aiweekly news-today — next fetch in ~1604m
[2026-05-03T23:43:33]   Skipping Defense News — next fetch in ~2863m
[2026-05-03T23:43:33]   Skipping Breaking Defense — next fetch in ~2870m
[2026-05-03T23:43:33]   Skipping defenseone — next fetch in ~2867m
[2026-05-03T23:43:33]   Skipping ukdefencejournal — next fetch in ~2862m
[2026-05-03T23:43:33]   Skipping defenceiq - defence-technology — next fetch in ~2864m
[2026-05-03T23:43:33]   Skipping defenceiq - air-forces-military-aircraft — next fetch in ~2861m
[2026-05-03T23:43:33]   Skipping defense-aerospace WEB — next fetch in ~2867m
[2026-05-03T23:43:33]   Skipping janes Insights — next fetch in ~2860m
[2026-05-04T10:08:24]   Skipping HuggingFace Blog — next fetch in ~689m
[2026-05-04T10:08:24]   Skipping Understanding AI — next fetch in ~285m
[2026-05-04T10:08:24]   Skipping Artificial Intelligence - News — next fetch in ~983m
[2026-05-04T10:08:24]   Skipping aiweekly news-today — next fetch in ~979m
[2026-05-04T10:08:24]   Skipping Defense News — next fetch in ~2238m
[2026-05-04T10:08:24]   Skipping Breaking Defense — next fetch in ~2245m
[2026-05-04T10:08:24]   Skipping defenseone — next fetch in ~2242m
[2026-05-04T10:08:24]   Skipping ukdefencejournal — next fetch in ~2237m
[2026-05-04T10:08:24]   Skipping defenceiq - defence-technology — next fetch in ~2239m
[2026-05-04T10:08:24]   Skipping defenceiq - air-forces-military-aircraft — next fetch in ~2237m
[2026-05-04T10:08:24]   Skipping defense-aerospace WEB — next fetch in ~2242m
[2026-05-04T10:08:24]   Skipping janes Insights — next fetch in ~2235m
[2026-05-04T10:22:59]   Skipping HuggingFace Blog — next fetch in ~674m
[2026-05-04T10:22:59]   Skipping Understanding AI — next fetch in ~270m
[2026-05-04T10:22:59]   Skipping Artificial Intelligence - News — next fetch in ~968m
[2026-05-04T10:22:59]   Skipping aiweekly news-today — next fetch in ~965m
[2026-05-04T10:22:59]   Skipping Defense News — next fetch in ~2223m
[2026-05-04T10:22:59]   Skipping Breaking Defense — next fetch in ~2231m
[2026-05-04T10:22:59]   Skipping defenseone — next fetch in ~2227m
[2026-05-04T10:22:59]   Skipping ukdefencejournal — next fetch in ~2222m
[2026-05-04T10:22:59]   Skipping defenceiq - defence-technology — next fetch in ~2225m
[2026-05-04T10:22:59]   Skipping defenceiq - air-forces-military-aircraft — next fetch in ~2222m
[2026-05-04T10:22:59]   Skipping defense-aerospace WEB — next fetch in ~2227m
[2026-05-04T10:22:59]   Skipping janes Insights — next fetch in ~2221m
[2026-05-04T11:02:53]   Skipping HuggingFace Blog — next fetch in ~635m
[2026-05-04T11:02:53]   Skipping Understanding AI — next fetch in ~230m
[2026-05-04T11:02:53]   Skipping Artificial Intelligence - News — next fetch in ~928m
[2026-05-04T11:02:53]   Skipping aiweekly news-today — next fetch in ~925m
[2026-05-04T11:02:53]   Skipping Defense News — next fetch in ~2183m
[2026-05-04T11:02:53]   Skipping Breaking Defense — next fetch in ~2191m
[2026-05-04T11:02:53]   Skipping defenseone — next fetch in ~2187m
[2026-05-04T11:02:53]   Skipping ukdefencejournal — next fetch in ~2182m
[2026-05-04T11:02:53]   Skipping defenceiq - defence-technology — next fetch in ~2185m
[2026-05-04T11:02:53]   Skipping defenceiq - air-forces-military-aircraft — next fetch in ~2182m
[2026-05-04T11:02:53]   Skipping defense-aerospace WEB — next fetch in ~2187m
[2026-05-04T11:02:53]   Skipping janes Insights — next fetch in ~2181m
[2026-05-04T11:07:23]   Skipping HuggingFace Blog — next fetch in ~630m
[2026-05-04T11:07:23]   Skipping Understanding AI — next fetch in ~226m
[2026-05-04T11:07:23]   Skipping Artificial Intelligence - News — next fetch in ~924m
[2026-05-04T11:07:23]   Skipping aiweekly news-today — next fetch in ~920m
[2026-05-04T11:07:23]   Skipping Defense News — next fetch in ~2179m
[2026-05-04T11:07:23]   Skipping Breaking Defense — next fetch in ~2186m
[2026-05-04T11:07:23]   Skipping defenseone — next fetch in ~2183m
[2026-05-04T11:07:23]   Skipping ukdefencejournal — next fetch in ~2178m
[2026-05-04T11:07:23]   Skipping defenceiq - defence-technology — next fetch in ~2180m
[2026-05-04T11:07:23]   Skipping defenceiq - air-forces-military-aircraft — next fetch in ~2178m
[2026-05-04T11:07:23]   Skipping defense-aerospace WEB — next fetch in ~2183m
[2026-05-04T11:07:23]   Skipping janes Insights — next fetch in ~2176m
[2026-05-04T11:37:59]   Skipping HuggingFace Blog — next fetch in ~599m
[2026-05-04T11:37:59]   Skipping Understanding AI — next fetch in ~195m
[2026-05-04T11:37:59]   Skipping Artificial Intelligence - News — next fetch in ~893m
[2026-05-04T11:37:59]   Skipping aiweekly news-today — next fetch in ~890m
[2026-05-04T11:37:59]   Skipping Defense News — next fetch in ~2148m
[2026-05-04T11:37:59]   Skipping Breaking Defense — next fetch in ~2156m
[2026-05-04T11:37:59]   Skipping defenseone — next fetch in ~2152m
[2026-05-04T11:37:59]   Skipping ukdefencejournal — next fetch in ~2147m
[2026-05-04T11:37:59]   Skipping defenceiq - defence-technology — next fetch in ~2150m
[2026-05-04T11:37:59]   Skipping defenceiq - air-forces-military-aircraft — next fetch in ~2147m
[2026-05-04T11:37:59]   Skipping defense-aerospace WEB — next fetch in ~2152m
[2026-05-04T11:37:59]   Skipping janes Insights — next fetch in ~2146m
[2026-05-04T12:05:51]   Skipping HuggingFace Blog — next fetch in ~572m
[2026-05-04T12:05:51]   Skipping Understanding AI — next fetch in ~167m
[2026-05-04T12:05:51]   Skipping Artificial Intelligence - News — next fetch in ~865m
[2026-05-04T12:05:51]   Skipping aiweekly news-today — next fetch in ~862m
[2026-05-04T12:05:51]   Skipping Defense News — next fetch in ~2120m
[2026-05-04T12:05:51]   Skipping Breaking Defense — next fetch in ~2128m
[2026-05-04T12:05:51]   Skipping defenseone — next fetch in ~2124m
[2026-05-04T12:05:51]   Skipping ukdefencejournal — next fetch in ~2119m
[2026-05-04T12:05:51]   Skipping defenceiq - defence-technology — next fetch in ~2122m
[2026-05-04T12:05:51]   Skipping defenceiq - air-forces-military-aircraft — next fetch in ~2119m
[2026-05-04T12:05:51]   Skipping defense-aerospace WEB — next fetch in ~2124m
[2026-05-04T12:05:51]   Skipping janes Insights — next fetch in ~2118m
[2026-05-04T12:47:46]   Skipping HuggingFace Blog — next fetch in ~530m
[2026-05-04T12:47:46]   Skipping Understanding AI — next fetch in ~125m
[2026-05-04T12:47:46]   Skipping Artificial Intelligence - News — next fetch in ~823m
[2026-05-04T12:47:46]   Skipping aiweekly news-today — next fetch in ~820m
[2026-05-04T12:47:46]   Skipping Defense News — next fetch in ~2078m
[2026-05-04T12:47:46]   Skipping Breaking Defense — next fetch in ~2086m
[2026-05-04T12:47:46]   Skipping defenseone — next fetch in ~2082m
[2026-05-04T12:47:46]   Skipping ukdefencejournal — next fetch in ~2078m
[2026-05-04T12:47:46]   Skipping defenceiq - defence-technology — next fetch in ~2080m
[2026-05-04T12:47:46]   Skipping defenceiq - air-forces-military-aircraft — next fetch in ~2077m
[2026-05-04T12:47:46]   Skipping defense-aerospace WEB — next fetch in ~2083m
[2026-05-04T12:47:46]   Skipping janes Insights — next fetch in ~2076m
[2026-05-04T13:53:37]   Skipping Understanding AI — next fetch in ~59m
[2026-05-04T17:29:54]   Skipping HuggingFace Blog — next fetch in ~248m
[2026-05-04T17:29:54] Ingesting: Understanding AI
[2026-05-04T17:29:54]   Skipping Artificial Intelligence - News — next fetch in ~541m
[2026-05-04T17:29:54]   Skipping aiweekly news-today — next fetch in ~538m
[2026-05-04T17:29:54]   Skipping Defense News — next fetch in ~1796m
[2026-05-04T17:29:54]   Skipping Breaking Defense — next fetch in ~1804m
[2026-05-04T17:29:54]   Skipping defenseone — next fetch in ~1800m
[2026-05-04T17:29:54]   Skipping ukdefencejournal — next fetch in ~1795m
[2026-05-04T17:29:54]   Skipping defenceiq - defence-technology — next fetch in ~1798m
[2026-05-04T17:29:54]   Skipping defenceiq - air-forces-military-aircraft — next fetch in ~1795m
[2026-05-04T17:29:54]   Skipping defense-aerospace WEB — next fetch in ~1800m
[2026-05-04T17:29:54]   Skipping janes Insights — next fetch in ~1794m
[2026-05-04T17:29:56]   Understanding AI: +0 entries in 2.5s [good]
[2026-05-04T17:29:56] Ingesting: Understanding AI
[2026-05-04T17:29:58]   Understanding AI: +0 entries in 1.4s [good]
[2026-05-04T20:37:58]   Skipping HuggingFace Blog — next fetch in ~59m
[2026-05-04T21:41:52] Ingesting: HuggingFace Blog
[2026-05-04T21:41:52]   Skipping Understanding AI — next fetch in ~5058m
[2026-05-04T21:41:52]   Skipping Artificial Intelligence - News — next fetch in ~289m
[2026-05-04T21:41:52]   Skipping aiweekly news-today — next fetch in ~286m
[2026-05-04T21:41:52]   Skipping Defense News — next fetch in ~1544m
[2026-05-04T21:41:52]   Skipping Breaking Defense — next fetch in ~1552m
[2026-05-04T21:41:52]   Skipping defenseone — next fetch in ~1548m
[2026-05-04T21:41:52]   Skipping ukdefencejournal — next fetch in ~1543m
[2026-05-04T21:41:52]   Skipping defenceiq - defence-technology — next fetch in ~1546m
[2026-05-04T21:41:52]   Skipping defenceiq - air-forces-military-aircraft — next fetch in ~1543m
[2026-05-04T21:41:52]   Skipping defense-aerospace WEB — next fetch in ~1548m
[2026-05-04T21:41:52]   Skipping janes Insights — next fetch in ~1542m
[2026-05-04T21:42:00]   HuggingFace Blog: +0 entries in 7.4s [good]
[2026-05-04T21:42:00] Ingesting: HuggingFace Blog
[2026-05-04T21:42:08]   HuggingFace Blog: +0 entries in 8.3s [good]
[2026-05-04T21:46:35]   Skipping HuggingFace Blog — next fetch in ~3595m
[2026-05-04T21:46:35]   Skipping Understanding AI — next fetch in ~5053m
[2026-05-04T21:46:35]   Skipping Artificial Intelligence - News — next fetch in ~284m
[2026-05-04T21:46:35]   Skipping aiweekly news-today — next fetch in ~281m
[2026-05-04T21:46:35]   Skipping Defense News — next fetch in ~1539m
[2026-05-04T21:46:35]   Skipping Breaking Defense — next fetch in ~1547m
[2026-05-04T21:46:35]   Skipping defenseone — next fetch in ~1544m
[2026-05-04T21:46:35]   Skipping ukdefencejournal — next fetch in ~1539m
[2026-05-04T21:46:35]   Skipping defenceiq - defence-technology — next fetch in ~1541m
[2026-05-04T21:46:35]   Skipping defenceiq - air-forces-military-aircraft — next fetch in ~1538m
[2026-05-04T21:46:35]   Skipping defense-aerospace WEB — next fetch in ~1544m
[2026-05-04T21:46:35]   Skipping janes Insights — next fetch in ~1537m
[2026-05-04T21:56:33]   Skipping HuggingFace Blog — next fetch in ~3585m
[2026-05-04T21:56:33]   Skipping Understanding AI — next fetch in ~5043m
[2026-05-04T21:56:33]   Skipping Artificial Intelligence - News — next fetch in ~274m
[2026-05-04T21:56:33]   Skipping aiweekly news-today — next fetch in ~271m
[2026-05-04T21:56:33]   Skipping Defense News — next fetch in ~1530m
[2026-05-04T21:56:33]   Skipping Breaking Defense — next fetch in ~1537m
[2026-05-04T21:56:33]   Skipping defenseone — next fetch in ~1534m
[2026-05-04T21:56:33]   Skipping ukdefencejournal — next fetch in ~1529m
[2026-05-04T21:56:33]   Skipping defenceiq - defence-technology — next fetch in ~1531m
[2026-05-04T21:56:33]   Skipping defenceiq - air-forces-military-aircraft — next fetch in ~1528m
[2026-05-04T21:56:33]   Skipping defense-aerospace WEB — next fetch in ~1534m
[2026-05-04T21:56:33]   Skipping janes Insights — next fetch in ~1527m
[2026-05-04T22:12:43]   Skipping HuggingFace Blog — next fetch in ~3569m
[2026-05-04T22:12:43]   Skipping Understanding AI — next fetch in ~5027m
[2026-05-04T22:12:43]   Skipping Artificial Intelligence - News — next fetch in ~258m
[2026-05-04T22:12:43]   Skipping aiweekly news-today — next fetch in ~255m
[2026-05-04T22:12:43]   Skipping Defense News — next fetch in ~1513m
[2026-05-04T22:12:43]   Skipping Breaking Defense — next fetch in ~1521m
[2026-05-04T22:12:43]   Skipping defenseone — next fetch in ~1517m
[2026-05-04T22:12:43]   Skipping ukdefencejournal — next fetch in ~1513m
[2026-05-04T22:12:43]   Skipping defenceiq - defence-technology — next fetch in ~1515m
[2026-05-04T22:12:43]   Skipping defenceiq - air-forces-military-aircraft — next fetch in ~1512m
[2026-05-04T22:12:43]   Skipping defense-aerospace WEB — next fetch in ~1518m
[2026-05-04T22:12:43]   Skipping janes Insights — next fetch in ~1511m
[2026-05-05T22:20:27]   Skipping HuggingFace Blog — next fetch in ~2121m
[2026-05-05T22:20:27]   Skipping Understanding AI — next fetch in ~3579m
[2026-05-05T22:20:27] Web crawl: Artificial Intelligence - News (https://www.artificialintelligence-news.com/)
[2026-05-05T22:20:27]   Skipping Defense News — next fetch in ~66m
[2026-05-05T22:20:27]   Skipping Breaking Defense — next fetch in ~73m
[2026-05-05T22:20:27]   Skipping defenseone — next fetch in ~70m
[2026-05-05T22:20:27]   Skipping ukdefencejournal — next fetch in ~65m
[2026-05-05T22:20:27]   Skipping defenceiq - defence-technology — next fetch in ~67m
[2026-05-05T22:20:27]   Skipping defenceiq - air-forces-military-aircraft — next fetch in ~64m
[2026-05-05T22:20:27]   Skipping defense-aerospace WEB — next fetch in ~70m
[2026-05-05T22:20:27]   Skipping janes Insights — next fetch in ~63m
[2026-05-05T22:20:27]   Artificial Intelligence - News: 50 level-1 candidates
[2026-05-05T22:20:46]   Artificial Intelligence - News: +0 articles from 50 pages in 19.6s [good]
[2026-05-05T22:20:46] Web crawl: aiweekly news-today (https://aiweekly.co/ai-news-today)
[2026-05-05T22:20:47]   aiweekly news-today: 50 level-1 candidates
[2026-05-05T22:21:13]   aiweekly news-today: +6 articles from 50 pages in 26.6s [good]
[2026-05-05T22:21:13] Web crawl: aiweekly news-today (https://aiweekly.co/ai-news-today)
[2026-05-05T22:21:13]   aiweekly news-today: 50 level-1 candidates
[2026-05-05T22:21:39]   aiweekly news-today: +0 articles from 50 pages in 26.3s [good]
[2026-05-05T22:21:39] Web crawl: Artificial Intelligence - News (https://www.artificialintelligence-news.com/)
[2026-05-05T22:21:40]   Artificial Intelligence - News: 50 level-1 candidates
[2026-05-05T22:21:56]   Artificial Intelligence - News: +0 articles from 50 pages in 17.1s [good]
[2026-05-05T22:24:07]   Skipping janes Insights — next fetch in ~59m
[2026-05-05T22:25:25]   Skipping defenceiq - air-forces-military-aircraft — next fetch in ~59m
[2026-05-05T22:25:49]   Skipping ukdefencejournal — next fetch in ~59m
[2026-05-05T22:26:35]   Skipping Defense News — next fetch in ~59m
[2026-05-05T22:28:09]   Skipping defenceiq - defence-technology — next fetch in ~59m
[2026-05-05T22:30:36]   Skipping defenseone — next fetch in ~59m
[2026-05-05T22:30:48]   Skipping defense-aerospace WEB — next fetch in ~59m
[2026-05-05T22:34:16]   Skipping Breaking Defense — next fetch in ~59m
[2026-05-06T21:16:11]   Skipping HuggingFace Blog — next fetch in ~745m
[2026-05-06T21:16:11]   Skipping Understanding AI — next fetch in ~2203m
[2026-05-06T21:16:11]   Skipping Artificial Intelligence - News — next fetch in ~4633m
[2026-05-06T21:16:11]   Skipping aiweekly news-today — next fetch in ~4630m
[2026-05-06T21:16:11] Ingesting: Defense News
[2026-05-06T21:16:11] Daily prune: AiNews — 3 entries removed
[2026-05-06T21:16:29]   Defense News: +24 entries in 18.2s [good]
[2026-05-06T21:16:29] Ingesting: Breaking Defense
[2026-05-06T21:16:36]   Breaking Defense: +15 entries in 7.0s [good]
[2026-05-06T21:16:36] Ingesting: defenseone
[2026-05-06T21:16:57]   defenseone: +8 entries in 20.9s [good]
[2026-05-06T21:16:57] Ingesting: ukdefencejournal
[2026-05-06T21:17:00]   ukdefencejournal: +10 entries in 3.6s [good]
[2026-05-06T21:17:00] Ingesting: defenceiq - defence-technology
[2026-05-06T21:17:20]   defenceiq - defence-technology: +0 entries in 19.6s [good]
[2026-05-06T21:17:20] Ingesting: defenceiq - air-forces-military-aircraft
[2026-05-06T21:17:39]   defenceiq - air-forces-military-aircraft: +0 entries in 19.4s [good]
[2026-05-06T21:17:39] Web crawl: defense-aerospace WEB (https://www.defense-aerospace.com/)
[2026-05-06T21:17:40]   defense-aerospace WEB: 50 level-1 candidates
[2026-05-06T21:18:31]   defense-aerospace WEB: +4 articles from 50 pages in 52.1s [good]
[2026-05-06T21:18:31] Web crawl: janes Insights (https://www.janes.com/osint-insights/defence-news)
[2026-05-06T21:18:32]   janes Insights: 35 level-1 candidates
[2026-05-06T21:18:50]   janes Insights: +15 articles from 35 pages in 18.5s [good]
[2026-05-06T21:18:50] Ingesting: defenceiq - defence-technology
[2026-05-06T21:19:08]   defenceiq - defence-technology: +0 entries in 17.8s [good]
[2026-05-06T21:19:08] Ingesting: Breaking Defense
[2026-05-06T21:19:19]   Breaking Defense: +0 entries in 10.9s [good]
[2026-05-06T21:19:19] Ingesting: ukdefencejournal
[2026-05-06T21:19:22]   ukdefencejournal: +0 entries in 3.3s [good]
[2026-05-06T21:19:22] Web crawl: janes Insights (https://www.janes.com/osint-insights/defence-news)
[2026-05-06T21:19:23]   janes Insights: 35 level-1 candidates
[2026-05-06T21:19:39]   janes Insights: +0 articles from 35 pages in 16.5s [good]
[2026-05-06T21:19:39] Ingesting: defenseone
[2026-05-06T21:19:59]   defenseone: +0 entries in 20.3s [good]
[2026-05-06T21:19:59] Web crawl: defense-aerospace WEB (https://www.defense-aerospace.com/)
[2026-05-06T21:19:59]   defense-aerospace WEB: 50 level-1 candidates
[2026-05-06T21:20:26]   defense-aerospace WEB: +0 articles from 50 pages in 27.3s [good]
[2026-05-06T21:20:26] Ingesting: defenceiq - air-forces-military-aircraft
[2026-05-06T21:20:45]   defenceiq - air-forces-military-aircraft: +0 entries in 19.0s [good]
[2026-05-06T21:20:45] Ingesting: Defense News
[2026-05-06T21:20:54]   Defense News: +0 entries in 9.1s [good]
[2026-05-06T23:01:09]   Skipping HuggingFace Blog — next fetch in ~640m
[2026-05-06T23:01:09]   Skipping Understanding AI — next fetch in ~2098m
[2026-05-06T23:01:09]   Skipping Artificial Intelligence - News — next fetch in ~4528m
[2026-05-06T23:01:09]   Skipping aiweekly news-today — next fetch in ~4525m
[2026-05-06T23:01:09]   Skipping Defense News — next fetch in ~2897m
[2026-05-06T23:01:09]   Skipping Breaking Defense — next fetch in ~2905m
[2026-05-06T23:01:09]   Skipping defenseone — next fetch in ~2901m
[2026-05-06T23:01:09]   Skipping ukdefencejournal — next fetch in ~2897m
[2026-05-06T23:01:09]   Skipping defenceiq - defence-technology — next fetch in ~2898m
[2026-05-06T23:01:09]   Skipping defenceiq - air-forces-military-aircraft — next fetch in ~2896m
[2026-05-06T23:01:09]   Skipping defense-aerospace WEB — next fetch in ~2902m
[2026-05-06T23:01:09]   Skipping janes Insights — next fetch in ~2894m
[2026-05-08T19:51:52] Ingesting: HuggingFace Blog
[2026-05-08T19:51:52]   Skipping Artificial Intelligence - News — next fetch in ~1838m
[2026-05-08T19:51:52]   Skipping aiweekly news-today — next fetch in ~1834m
[2026-05-08T19:51:52]   Skipping Defense News — next fetch in ~207m
[2026-05-08T19:51:52]   Skipping Breaking Defense — next fetch in ~214m
[2026-05-08T19:51:52]   Skipping defenseone — next fetch in ~211m
[2026-05-08T19:51:52]   Skipping ukdefencejournal — next fetch in ~206m
[2026-05-08T19:51:52] Daily prune: AiNews — 3 entries removed
[2026-05-08T19:51:52]   Skipping defenceiq - defence-technology — next fetch in ~208m
[2026-05-08T19:51:52]   Skipping defenceiq - air-forces-military-aircraft — next fetch in ~205m
[2026-05-08T19:51:52]   Skipping defense-aerospace WEB — next fetch in ~211m
[2026-05-08T19:51:52]   Skipping janes Insights — next fetch in ~203m
[2026-05-08T19:51:59]   HuggingFace Blog: +4 entries in 7.6s [good]
[2026-05-08T19:51:59] Ingesting: Understanding AI
[2026-05-08T19:52:01]   Understanding AI: +1 entries in 2.2s [good]
[2026-05-08T19:52:01] Ingesting: Understanding AI
[2026-05-08T19:52:03]   Understanding AI: +0 entries in 1.8s [good]
[2026-05-08T19:52:03] Ingesting: HuggingFace Blog
[2026-05-08T19:52:11]   HuggingFace Blog: +0 entries in 7.7s [good]
[2026-05-08T22:15:39]   Skipping janes Insights — next fetch in ~59m
[2026-05-08T22:17:45]   Skipping defenceiq - air-forces-military-aircraft — next fetch in ~59m
[2026-05-08T22:18:22]   Skipping ukdefencejournal — next fetch in ~59m
[2026-05-08T22:18:54]   Skipping Defense News — next fetch in ~59m
[2026-05-08T22:20:08]   Skipping defenceiq - defence-technology — next fetch in ~59m
[2026-05-08T22:22:59]   Skipping defenseone — next fetch in ~59m
[2026-05-08T22:23:26]   Skipping defense-aerospace WEB — next fetch in ~59m
[2026-05-08T22:26:19]   Skipping Breaking Defense — next fetch in ~59m
[2026-05-08T23:09:21]   Skipping HuggingFace Blog — next fetch in ~3402m
[2026-05-08T23:09:21]   Skipping Understanding AI — next fetch in ~5112m
[2026-05-08T23:09:21]   Skipping Artificial Intelligence - News — next fetch in ~1640m
[2026-05-08T23:09:21]   Skipping aiweekly news-today — next fetch in ~1637m
[2026-05-08T23:09:21]   Skipping Defense News — next fetch in ~9m
[2026-05-08T23:09:21]   Skipping Breaking Defense — next fetch in ~16m
[2026-05-08T23:09:21]   Skipping defenseone — next fetch in ~13m
[2026-05-08T23:09:21]   Skipping ukdefencejournal — next fetch in ~9m
[2026-05-08T23:09:21]   Skipping defenceiq - defence-technology — next fetch in ~10m
[2026-05-08T23:09:21]   Skipping defenceiq - air-forces-military-aircraft — next fetch in ~8m
[2026-05-08T23:09:21]   Skipping defense-aerospace WEB — next fetch in ~14m
[2026-05-08T23:09:21]   Skipping janes Insights — next fetch in ~6m
[2026-05-08T23:09:21]   Skipping janes Insights — next fetch in ~6m
[2026-05-08T23:09:21]   Skipping defense-aerospace WEB — next fetch in ~14m
[2026-05-08T23:09:21]   Skipping defenceiq - air-forces-military-aircraft — next fetch in ~8m
[2026-05-08T23:09:21]   Skipping Defense News — next fetch in ~9m
[2026-05-08T23:09:21]   Skipping ukdefencejournal — next fetch in ~9m
[2026-05-08T23:09:21]   Skipping Breaking Defense — next fetch in ~16m
[2026-05-08T23:09:21]   Skipping defenceiq - defence-technology — next fetch in ~10m
[2026-05-08T23:09:21]   Skipping defenseone — next fetch in ~13m
[2026-05-09T08:55:11]   Skipping HuggingFace Blog — next fetch in ~2816m
[2026-05-09T08:55:11]   Skipping Understanding AI — next fetch in ~4526m
[2026-05-09T08:55:11]   Skipping Artificial Intelligence - News — next fetch in ~1054m
[2026-05-09T08:55:11]   Skipping aiweekly news-today — next fetch in ~1051m
[2026-05-09T08:55:11] Ingesting: Defense News
[2026-05-09T08:55:11] Daily prune: AiNews — 3 entries removed
[2026-05-09T08:55:23]   Defense News: +14 entries in 12.7s [good]
[2026-05-09T08:55:23] Ingesting: Breaking Defense
[2026-05-09T08:55:30]   Breaking Defense: +15 entries in 7.0s [good]
[2026-05-09T08:55:30] Ingesting: defenseone
[2026-05-09T08:55:52]   defenseone: +7 entries in 21.7s [good]
[2026-05-09T08:55:52] Ingesting: ukdefencejournal
[2026-05-09T08:55:55]   ukdefencejournal: +10 entries in 2.9s [good]
[2026-05-09T08:55:55] Ingesting: defenceiq - defence-technology
[2026-05-09T08:56:14]   defenceiq - defence-technology: +0 entries in 19.0s [good]
[2026-05-09T08:56:14] Ingesting: defenceiq - air-forces-military-aircraft
[2026-05-09T08:56:32]   defenceiq - air-forces-military-aircraft: +0 entries in 17.5s [good]
[2026-05-09T08:56:32] Web crawl: defense-aerospace WEB (https://www.defense-aerospace.com/)
[2026-05-09T08:56:32]   defense-aerospace WEB: 50 level-1 candidates
[2026-05-09T08:56:59]   defense-aerospace WEB: +0 articles from 50 pages in 27.8s [good]
[2026-05-09T08:56:59] Web crawl: janes Insights (https://www.janes.com/osint-insights/defence-news)
[2026-05-09T08:57:00]   janes Insights: 35 level-1 candidates
[2026-05-09T08:57:21]   janes Insights: +16 articles from 35 pages in 21.2s [good]
[2026-05-09T08:57:21] Ingesting: ukdefencejournal
[2026-05-09T08:57:24]   ukdefencejournal: +0 entries in 3.4s [good]
[2026-05-09T08:57:24] Ingesting: defenceiq - defence-technology
[2026-05-09T08:57:44]   defenceiq - defence-technology: +0 entries in 19.9s [good]
[2026-05-09T08:57:44] Ingesting: Breaking Defense
[2026-05-09T08:57:51]   Breaking Defense: +0 entries in 6.5s [good]
[2026-05-09T08:57:51] Ingesting: defenseone
[2026-05-09T08:58:11]   defenseone: +0 entries in 20.8s [good]
[2026-05-09T08:58:11] Web crawl: janes Insights (https://www.janes.com/osint-insights/defence-news)
[2026-05-09T08:58:12]   janes Insights: 35 level-1 candidates
[2026-05-09T08:58:28]   janes Insights: +0 articles from 35 pages in 16.8s [good]
[2026-05-09T08:58:28] Ingesting: Defense News
[2026-05-09T08:58:39]   Defense News: +0 entries in 10.3s [good]
[2026-05-09T08:58:39] Web crawl: defense-aerospace WEB (https://www.defense-aerospace.com/)
[2026-05-09T08:58:39]   defense-aerospace WEB: 50 level-1 candidates
[2026-05-09T08:58:51]   defense-aerospace WEB: +0 articles from 50 pages in 12.4s [good]
[2026-05-09T08:58:51] Ingesting: defenceiq - air-forces-military-aircraft
[2026-05-09T08:59:11]   defenceiq - air-forces-military-aircraft: +0 entries in 19.6s [good]
[2026-05-09T11:00:45]   Skipping HuggingFace Blog — next fetch in ~2691m
[2026-05-09T11:00:45]   Skipping Understanding AI — next fetch in ~4401m
[2026-05-09T11:00:45]   Skipping Artificial Intelligence - News — next fetch in ~929m
[2026-05-09T11:00:45]   Skipping aiweekly news-today — next fetch in ~925m
[2026-05-09T11:00:45]   Skipping Defense News — next fetch in ~2875m
[2026-05-09T11:00:45]   Skipping Breaking Defense — next fetch in ~2884m
[2026-05-09T11:00:45]   Skipping defenseone — next fetch in ~2880m
[2026-05-09T11:00:45]   Skipping ukdefencejournal — next fetch in ~2875m
[2026-05-09T11:00:45]   Skipping defenceiq - defence-technology — next fetch in ~2877m
[2026-05-09T11:00:45]   Skipping defenceiq - air-forces-military-aircraft — next fetch in ~2875m
[2026-05-09T11:00:45]   Skipping defense-aerospace WEB — next fetch in ~2881m
[2026-05-09T11:00:45]   Skipping janes Insights — next fetch in ~2873m
[2026-05-09T15:11:44]   Skipping HuggingFace Blog — next fetch in ~2440m
[2026-05-09T15:11:44]   Skipping Understanding AI — next fetch in ~4150m
[2026-05-09T15:11:44]   Skipping Artificial Intelligence - News — next fetch in ~678m
[2026-05-09T15:11:44]   Skipping aiweekly news-today — next fetch in ~674m
[2026-05-09T15:11:44]   Skipping Defense News — next fetch in ~2624m
[2026-05-09T15:11:44]   Skipping Breaking Defense — next fetch in ~2633m
[2026-05-09T15:11:44]   Skipping defenseone — next fetch in ~2629m
[2026-05-09T15:11:44]   Skipping ukdefencejournal — next fetch in ~2624m
[2026-05-09T15:11:44]   Skipping defenceiq - defence-technology — next fetch in ~2626m
[2026-05-09T15:11:44]   Skipping defenceiq - air-forces-military-aircraft — next fetch in ~2624m
[2026-05-09T15:11:44]   Skipping defense-aerospace WEB — next fetch in ~2630m
[2026-05-09T15:11:44]   Skipping janes Insights — next fetch in ~2622m
[2026-05-09T15:35:04]   Skipping HuggingFace Blog — next fetch in ~2417m
[2026-05-09T15:35:04]   Skipping Understanding AI — next fetch in ~4126m
[2026-05-09T15:35:04]   Skipping Artificial Intelligence - News — next fetch in ~654m
[2026-05-09T15:35:04]   Skipping aiweekly news-today — next fetch in ~651m
[2026-05-09T15:35:04]   Skipping Defense News — next fetch in ~2601m
[2026-05-09T15:35:04]   Skipping Breaking Defense — next fetch in ~2609m
[2026-05-09T15:35:04]   Skipping defenseone — next fetch in ~2606m
[2026-05-09T15:35:04]   Skipping ukdefencejournal — next fetch in ~2601m
[2026-05-09T15:35:04]   Skipping defenceiq - defence-technology — next fetch in ~2603m
[2026-05-09T15:35:04]   Skipping defenceiq - air-forces-military-aircraft — next fetch in ~2601m
[2026-05-09T15:35:04]   Skipping defense-aerospace WEB — next fetch in ~2606m
[2026-05-09T15:35:04]   Skipping janes Insights — next fetch in ~2599m
[2026-05-09T16:12:55]   Skipping HuggingFace Blog — next fetch in ~2379m
[2026-05-09T16:12:55]   Skipping Understanding AI — next fetch in ~4089m
[2026-05-09T16:12:55]   Skipping Artificial Intelligence - News — next fetch in ~617m
[2026-05-09T16:12:55]   Skipping aiweekly news-today — next fetch in ~613m
[2026-05-09T16:12:55]   Skipping Defense News — next fetch in ~2563m
[2026-05-09T16:12:55]   Skipping Breaking Defense — next fetch in ~2571m
[2026-05-09T16:12:55]   Skipping defenseone — next fetch in ~2568m
[2026-05-09T16:12:55]   Skipping ukdefencejournal — next fetch in ~2563m
[2026-05-09T16:12:55]   Skipping defenceiq - defence-technology — next fetch in ~2565m
[2026-05-09T16:12:55]   Skipping defenceiq - air-forces-military-aircraft — next fetch in ~2563m
[2026-05-09T16:12:55]   Skipping defense-aerospace WEB — next fetch in ~2568m
[2026-05-09T16:12:55]   Skipping janes Insights — next fetch in ~2561m
[2026-05-09T16:17:38]   Skipping HuggingFace Blog — next fetch in ~2374m
[2026-05-09T16:17:38]   Skipping Understanding AI — next fetch in ~4084m
[2026-05-09T16:17:38]   Skipping Artificial Intelligence - News — next fetch in ~612m
[2026-05-09T16:17:38]   Skipping aiweekly news-today — next fetch in ~609m
[2026-05-09T16:17:38]   Skipping Defense News — next fetch in ~2559m
[2026-05-09T16:17:38]   Skipping Breaking Defense — next fetch in ~2567m
[2026-05-09T16:17:38]   Skipping defenseone — next fetch in ~2563m
[2026-05-09T16:17:38]   Skipping ukdefencejournal — next fetch in ~2558m
[2026-05-09T16:17:38]   Skipping defenceiq - defence-technology — next fetch in ~2561m
[2026-05-09T16:17:38]   Skipping defenceiq - air-forces-military-aircraft — next fetch in ~2558m
[2026-05-09T16:17:38]   Skipping defense-aerospace WEB — next fetch in ~2564m
[2026-05-09T16:17:38]   Skipping janes Insights — next fetch in ~2556m
[2026-05-09T16:24:01]   Skipping HuggingFace Blog — next fetch in ~2368m
[2026-05-09T16:24:01]   Skipping Understanding AI — next fetch in ~4078m
[2026-05-09T16:24:01]   Skipping Artificial Intelligence - News — next fetch in ~605m
[2026-05-09T16:24:01]   Skipping aiweekly news-today — next fetch in ~602m
[2026-05-09T16:24:01]   Skipping Defense News — next fetch in ~2552m
[2026-05-09T16:24:01]   Skipping Breaking Defense — next fetch in ~2560m
[2026-05-09T16:24:01]   Skipping defenseone — next fetch in ~2557m
[2026-05-09T16:24:01]   Skipping ukdefencejournal — next fetch in ~2552m
[2026-05-09T16:24:01]   Skipping defenceiq - defence-technology — next fetch in ~2554m
[2026-05-09T16:24:01]   Skipping defenceiq - air-forces-military-aircraft — next fetch in ~2552m
[2026-05-09T16:24:01]   Skipping defense-aerospace WEB — next fetch in ~2557m
[2026-05-09T16:24:01]   Skipping janes Insights — next fetch in ~2550m
[2026-05-09T16:28:13]   Skipping HuggingFace Blog — next fetch in ~2363m
[2026-05-09T16:28:13]   Skipping Understanding AI — next fetch in ~4073m
[2026-05-09T16:28:13]   Skipping Artificial Intelligence - News — next fetch in ~601m
[2026-05-09T16:28:13]   Skipping aiweekly news-today — next fetch in ~598m
[2026-05-09T16:28:13]   Skipping Defense News — next fetch in ~2548m
[2026-05-09T16:28:13]   Skipping Breaking Defense — next fetch in ~2556m
[2026-05-09T16:28:13]   Skipping defenseone — next fetch in ~2552m
[2026-05-09T16:28:13]   Skipping ukdefencejournal — next fetch in ~2548m
[2026-05-09T16:28:13]   Skipping defenceiq - defence-technology — next fetch in ~2550m
[2026-05-09T16:28:13]   Skipping defenceiq - air-forces-military-aircraft — next fetch in ~2547m
[2026-05-09T16:28:13]   Skipping defense-aerospace WEB — next fetch in ~2553m
[2026-05-09T16:28:13]   Skipping janes Insights — next fetch in ~2546m
[2026-05-09T16:38:14]   Skipping HuggingFace Blog — next fetch in ~2353m
[2026-05-09T16:38:14]   Skipping Understanding AI — next fetch in ~4063m
[2026-05-09T16:38:14]   Skipping Artificial Intelligence - News — next fetch in ~591m
[2026-05-09T16:38:14]   Skipping aiweekly news-today — next fetch in ~588m
[2026-05-09T16:38:14]   Skipping Defense News — next fetch in ~2538m
[2026-05-09T16:38:14]   Skipping Breaking Defense — next fetch in ~2546m
[2026-05-09T16:38:14]   Skipping defenseone — next fetch in ~2542m
[2026-05-09T16:38:14]   Skipping ukdefencejournal — next fetch in ~2538m
[2026-05-09T16:38:14]   Skipping defenceiq - defence-technology — next fetch in ~2540m
[2026-05-09T16:38:14]   Skipping defenceiq - air-forces-military-aircraft — next fetch in ~2537m
[2026-05-09T16:38:14]   Skipping defense-aerospace WEB — next fetch in ~2543m
[2026-05-09T16:38:14]   Skipping janes Insights — next fetch in ~2536m
[2026-05-09T21:13:19]   Skipping HuggingFace Blog — next fetch in ~2078m
[2026-05-09T21:13:19]   Skipping Understanding AI — next fetch in ~3788m
[2026-05-09T21:13:19]   Skipping Artificial Intelligence - News — next fetch in ~316m
[2026-05-09T21:13:19]   Skipping aiweekly news-today — next fetch in ~313m
[2026-05-09T21:13:19]   Skipping Defense News — next fetch in ~2263m
[2026-05-09T21:13:19]   Skipping Breaking Defense — next fetch in ~2271m
[2026-05-09T21:13:19]   Skipping defenseone — next fetch in ~2267m
[2026-05-09T21:13:19]   Skipping ukdefencejournal — next fetch in ~2263m
[2026-05-09T21:13:19]   Skipping defenceiq - defence-technology — next fetch in ~2265m
[2026-05-09T21:13:19]   Skipping defenceiq - air-forces-military-aircraft — next fetch in ~2262m
[2026-05-09T21:13:19]   Skipping defense-aerospace WEB — next fetch in ~2268m
[2026-05-09T21:13:19]   Skipping janes Insights — next fetch in ~2261m
[2026-05-09T21:15:41]   Skipping HuggingFace Blog — next fetch in ~2076m
[2026-05-09T21:15:41]   Skipping Understanding AI — next fetch in ~3786m
[2026-05-09T21:15:41]   Skipping Artificial Intelligence - News — next fetch in ~314m
[2026-05-09T21:15:41]   Skipping aiweekly news-today — next fetch in ~310m
[2026-05-09T21:15:41]   Skipping Defense News — next fetch in ~2260m
[2026-05-09T21:15:41]   Skipping Breaking Defense — next fetch in ~2269m
[2026-05-09T21:15:41]   Skipping defenseone — next fetch in ~2265m
[2026-05-09T21:15:41]   Skipping ukdefencejournal — next fetch in ~2260m
[2026-05-09T21:15:41]   Skipping defenceiq - defence-technology — next fetch in ~2263m
[2026-05-09T21:15:41]   Skipping defenceiq - air-forces-military-aircraft — next fetch in ~2260m
[2026-05-09T21:15:41]   Skipping defense-aerospace WEB — next fetch in ~2266m
[2026-05-09T21:15:41]   Skipping janes Insights — next fetch in ~2258m
[2026-05-09T21:20:11]   Skipping HuggingFace Blog — next fetch in ~2071m
[2026-05-09T21:20:11]   Skipping Understanding AI — next fetch in ~3781m
[2026-05-09T21:20:11]   Skipping Artificial Intelligence - News — next fetch in ~309m
[2026-05-09T21:20:11]   Skipping aiweekly news-today — next fetch in ~306m
[2026-05-09T21:20:11]   Skipping Defense News — next fetch in ~2256m
[2026-05-09T21:20:11]   Skipping Breaking Defense — next fetch in ~2264m
[2026-05-09T21:20:11]   Skipping defenseone — next fetch in ~2260m
[2026-05-09T21:20:11]   Skipping ukdefencejournal — next fetch in ~2256m
[2026-05-09T21:20:11]   Skipping defenceiq - defence-technology — next fetch in ~2258m
[2026-05-09T21:20:11]   Skipping defenceiq - air-forces-military-aircraft — next fetch in ~2255m
[2026-05-09T21:20:11]   Skipping defense-aerospace WEB — next fetch in ~2261m
[2026-05-09T21:20:11]   Skipping janes Insights — next fetch in ~2254m
[2026-05-10T10:47:02]   Skipping HuggingFace Blog — next fetch in ~1265m
[2026-05-10T10:47:02]   Skipping Understanding AI — next fetch in ~2975m
[2026-05-10T10:47:02] Web crawl: Artificial Intelligence - News (https://www.artificialintelligence-news.com/)
[2026-05-10T10:47:02]   Skipping Defense News — next fetch in ~1449m
[2026-05-10T10:47:02]   Skipping Breaking Defense — next fetch in ~1457m
[2026-05-10T10:47:02]   Skipping defenseone — next fetch in ~1454m
[2026-05-10T10:47:02]   Skipping ukdefencejournal — next fetch in ~1449m
[2026-05-10T10:47:02]   Skipping defenceiq - defence-technology — next fetch in ~1451m
[2026-05-10T10:47:02]   Skipping defenceiq - air-forces-military-aircraft — next fetch in ~1449m
[2026-05-10T10:47:02]   Skipping defense-aerospace WEB — next fetch in ~1454m
[2026-05-10T10:47:02]   Skipping janes Insights — next fetch in ~1447m
[2026-05-10T10:47:02]   Artificial Intelligence - News: 50 level-1 candidates
[2026-05-10T10:47:21]   Artificial Intelligence - News: +0 articles from 50 pages in 19.0s [good]
[2026-05-10T10:47:21] Web crawl: aiweekly news-today (https://aiweekly.co/ai-news-today)
[2026-05-10T10:47:22]   aiweekly news-today: 50 level-1 candidates
[2026-05-10T10:47:48]   aiweekly news-today: +3 articles from 50 pages in 26.8s [good]
[2026-05-10T10:47:48] Web crawl: aiweekly news-today (https://aiweekly.co/ai-news-today)
[2026-05-10T10:47:48]   aiweekly news-today: 50 level-1 candidates
[2026-05-10T10:48:15]   aiweekly news-today: +0 articles from 50 pages in 26.8s [good]
[2026-05-10T10:48:15] Web crawl: Artificial Intelligence - News (https://www.artificialintelligence-news.com/)
[2026-05-10T10:48:15]   Artificial Intelligence - News: 50 level-1 candidates
[2026-05-10T10:48:38]   Artificial Intelligence - News: +0 articles from 50 pages in 23.4s [good]
[2026-05-10T10:57:58]   Skipping HuggingFace Blog — next fetch in ~1254m
[2026-05-10T10:57:58]   Skipping Understanding AI — next fetch in ~2964m
[2026-05-10T10:57:58]   Skipping Artificial Intelligence - News — next fetch in ~5998m
[2026-05-10T10:57:58]   Skipping aiweekly news-today — next fetch in ~5995m
[2026-05-10T10:57:58]   Skipping Defense News — next fetch in ~1438m
[2026-05-10T10:57:58]   Skipping Breaking Defense — next fetch in ~1446m
[2026-05-10T10:57:58]   Skipping defenseone — next fetch in ~1443m
[2026-05-10T10:57:58]   Skipping ukdefencejournal — next fetch in ~1438m
[2026-05-10T10:57:58]   Skipping defenceiq - defence-technology — next fetch in ~1440m
[2026-05-10T10:57:58]   Skipping defenceiq - air-forces-military-aircraft — next fetch in ~1438m
[2026-05-10T10:57:58]   Skipping defense-aerospace WEB — next fetch in ~1443m
[2026-05-10T10:57:58]   Skipping janes Insights — next fetch in ~1436m
[2026-05-10T11:42:50]   Skipping HuggingFace Blog — next fetch in ~1209m
[2026-05-10T11:42:50]   Skipping Understanding AI — next fetch in ~2919m
[2026-05-10T11:42:50]   Skipping Artificial Intelligence - News — next fetch in ~5953m
[2026-05-10T11:42:50]   Skipping aiweekly news-today — next fetch in ~5950m
[2026-05-10T11:42:50]   Skipping Defense News — next fetch in ~1393m
[2026-05-10T11:42:50]   Skipping Breaking Defense — next fetch in ~1402m
[2026-05-10T11:42:50]   Skipping defenseone — next fetch in ~1398m
[2026-05-10T11:42:50]   Skipping ukdefencejournal — next fetch in ~1393m
[2026-05-10T11:42:50]   Skipping defenceiq - defence-technology — next fetch in ~1395m
[2026-05-10T11:42:50]   Skipping defenceiq - air-forces-military-aircraft — next fetch in ~1393m
[2026-05-10T11:42:50]   Skipping defense-aerospace WEB — next fetch in ~1399m
[2026-05-10T11:42:50]   Skipping janes Insights — next fetch in ~1391m
[2026-05-10T15:15:52]   Skipping HuggingFace Blog — next fetch in ~996m
[2026-05-10T15:15:52]   Skipping Understanding AI — next fetch in ~2706m
[2026-05-10T15:15:52]   Skipping Artificial Intelligence - News — next fetch in ~5740m
[2026-05-10T15:15:52]   Skipping Defense News — next fetch in ~1180m
[2026-05-10T15:15:52]   Skipping Breaking Defense — next fetch in ~1188m
[2026-05-10T15:15:52]   Skipping defenseone — next fetch in ~1185m
[2026-05-10T15:15:52]   Skipping ukdefencejournal — next fetch in ~1180m
[2026-05-10T15:15:52]   Skipping defenceiq - defence-technology — next fetch in ~1182m
[2026-05-10T15:15:52]   Skipping defenceiq - air-forces-military-aircraft — next fetch in ~1180m
[2026-05-10T15:15:52]   Skipping defense-aerospace WEB — next fetch in ~1185m
[2026-05-10T15:15:52]   Skipping janes Insights — next fetch in ~1178m
[2026-05-10T17:08:36]   Skipping HuggingFace Blog — next fetch in ~883m
[2026-05-10T17:08:36]   Skipping Understanding AI — next fetch in ~2593m
[2026-05-10T17:08:36]   Skipping Artificial Intelligence - News — next fetch in ~5628m
[2026-05-10T17:08:36]   Skipping Defense News — next fetch in ~1068m
[2026-05-10T17:08:36]   Skipping Breaking Defense — next fetch in ~1076m
[2026-05-10T17:08:36]   Skipping defenseone — next fetch in ~1072m
[2026-05-10T17:08:36]   Skipping ukdefencejournal — next fetch in ~1067m
[2026-05-10T17:08:36]   Skipping defenceiq - defence-technology — next fetch in ~1070m
[2026-05-10T17:08:36]   Skipping defenceiq - air-forces-military-aircraft — next fetch in ~1067m
[2026-05-10T17:08:36]   Skipping defense-aerospace WEB — next fetch in ~1073m
[2026-05-10T17:08:36]   Skipping janes Insights — next fetch in ~1065m
[2026-05-10T18:07:31]   Skipping HuggingFace Blog — next fetch in ~824m
[2026-05-10T18:07:31]   Skipping Understanding AI — next fetch in ~2534m
[2026-05-10T18:07:31]   Skipping Artificial Intelligence - News — next fetch in ~5569m
[2026-05-10T18:07:31]   Skipping Defense News — next fetch in ~1009m
[2026-05-10T18:07:31]   Skipping Breaking Defense — next fetch in ~1017m
[2026-05-10T18:07:31]   Skipping defenseone — next fetch in ~1013m
[2026-05-10T18:07:31]   Skipping ukdefencejournal — next fetch in ~1008m
[2026-05-10T18:07:31]   Skipping defenceiq - defence-technology — next fetch in ~1011m
[2026-05-10T18:07:31]   Skipping defenceiq - air-forces-military-aircraft — next fetch in ~1008m
[2026-05-10T18:07:31]   Skipping defense-aerospace WEB — next fetch in ~1014m
[2026-05-10T18:07:31]   Skipping janes Insights — next fetch in ~1006m
[2026-05-10T18:11:51]   Skipping HuggingFace Blog — next fetch in ~820m
[2026-05-10T18:11:51]   Skipping Understanding AI — next fetch in ~2530m
[2026-05-10T18:11:51]   Skipping Artificial Intelligence - News — next fetch in ~5564m
[2026-05-10T18:11:51]   Skipping Defense News — next fetch in ~1004m
[2026-05-10T18:11:51]   Skipping Breaking Defense — next fetch in ~1012m
[2026-05-10T18:11:51]   Skipping defenseone — next fetch in ~1009m
[2026-05-10T18:11:51]   Skipping ukdefencejournal — next fetch in ~1004m
[2026-05-10T18:11:51]   Skipping defenceiq - defence-technology — next fetch in ~1006m
[2026-05-10T18:11:51]   Skipping defenceiq - air-forces-military-aircraft — next fetch in ~1004m
[2026-05-10T18:11:51]   Skipping defense-aerospace WEB — next fetch in ~1009m
[2026-05-10T18:11:51]   Skipping janes Insights — next fetch in ~1002m
[2026-05-10T20:55:06]   Skipping HuggingFace Blog — next fetch in ~657m
[2026-05-10T20:55:06]   Skipping Understanding AI — next fetch in ~2366m
[2026-05-10T20:55:06]   Skipping Artificial Intelligence - News — next fetch in ~5401m
[2026-05-10T20:55:06]   Skipping Defense News — next fetch in ~841m
[2026-05-10T20:55:06]   Skipping Breaking Defense — next fetch in ~849m
[2026-05-10T20:55:06]   Skipping defenseone — next fetch in ~846m
[2026-05-10T20:55:06]   Skipping ukdefencejournal — next fetch in ~841m
[2026-05-10T20:55:06]   Skipping defenceiq - defence-technology — next fetch in ~843m
[2026-05-10T20:55:06]   Skipping defenceiq - air-forces-military-aircraft — next fetch in ~841m
[2026-05-10T20:55:06]   Skipping defense-aerospace WEB — next fetch in ~846m
[2026-05-10T20:55:06]   Skipping janes Insights — next fetch in ~839m
[2026-05-10T20:55:32]   Skipping HuggingFace Blog — next fetch in ~656m
[2026-05-10T20:55:32]   Skipping Understanding AI — next fetch in ~2366m
[2026-05-10T20:55:32]   Skipping Artificial Intelligence - News — next fetch in ~5401m
[2026-05-10T20:55:32]   Skipping Defense News — next fetch in ~841m
[2026-05-10T20:55:32]   Skipping Breaking Defense — next fetch in ~849m
[2026-05-10T20:55:32]   Skipping defenseone — next fetch in ~845m
[2026-05-10T20:55:32]   Skipping ukdefencejournal — next fetch in ~840m
[2026-05-10T20:55:32]   Skipping defenceiq - defence-technology — next fetch in ~843m
[2026-05-10T20:55:32]   Skipping defenceiq - air-forces-military-aircraft — next fetch in ~840m
[2026-05-10T20:55:32]   Skipping defense-aerospace WEB — next fetch in ~846m
[2026-05-10T20:55:32]   Skipping janes Insights — next fetch in ~838m
[2026-05-10T21:55:36]   Skipping HuggingFace Blog — next fetch in ~596m
[2026-05-10T21:55:36]   Skipping Understanding AI — next fetch in ~2306m
[2026-05-10T21:55:36]   Skipping Artificial Intelligence - News — next fetch in ~5341m
[2026-05-10T21:55:36]   Skipping Defense News — next fetch in ~781m
[2026-05-10T21:55:36]   Skipping Breaking Defense — next fetch in ~789m
[2026-05-10T21:55:36]   Skipping defenseone — next fetch in ~785m
[2026-05-10T21:55:36]   Skipping ukdefencejournal — next fetch in ~780m
[2026-05-10T21:55:36]   Skipping defenceiq - defence-technology — next fetch in ~783m
[2026-05-10T21:55:36]   Skipping defenceiq - air-forces-military-aircraft — next fetch in ~780m
[2026-05-10T21:55:36]   Skipping defense-aerospace WEB — next fetch in ~786m
[2026-05-10T21:55:36]   Skipping janes Insights — next fetch in ~778m
[2026-05-10T23:30:24]   Skipping HuggingFace Blog — next fetch in ~501m
[2026-05-10T23:30:24]   Skipping Understanding AI — next fetch in ~2211m
[2026-05-10T23:30:24]   Skipping Artificial Intelligence - News — next fetch in ~5246m
[2026-05-10T23:30:24]   Skipping Defense News — next fetch in ~686m
[2026-05-10T23:30:24]   Skipping Breaking Defense — next fetch in ~694m
[2026-05-10T23:30:24]   Skipping defenseone — next fetch in ~690m
[2026-05-10T23:30:24]   Skipping ukdefencejournal — next fetch in ~685m
[2026-05-10T23:30:24]   Skipping defenceiq - defence-technology — next fetch in ~688m
[2026-05-10T23:30:24]   Skipping defenceiq - air-forces-military-aircraft — next fetch in ~685m
[2026-05-10T23:30:24]   Skipping defense-aerospace WEB — next fetch in ~691m
[2026-05-10T23:30:24]   Skipping janes Insights — next fetch in ~684m
[2026-05-10T23:30:47]   Skipping HuggingFace Blog — next fetch in ~501m
[2026-05-10T23:30:47]   Skipping Understanding AI — next fetch in ~2211m
[2026-05-10T23:30:47]   Skipping Artificial Intelligence - News — next fetch in ~5245m
[2026-05-10T23:30:47]   Skipping Defense News — next fetch in ~685m
[2026-05-10T23:30:47]   Skipping Breaking Defense — next fetch in ~694m
[2026-05-10T23:30:47]   Skipping defenseone — next fetch in ~690m
[2026-05-10T23:30:47]   Skipping ukdefencejournal — next fetch in ~685m
[2026-05-10T23:30:47]   Skipping defenceiq - defence-technology — next fetch in ~687m
[2026-05-10T23:30:47]   Skipping defenceiq - air-forces-military-aircraft — next fetch in ~685m
[2026-05-10T23:30:47]   Skipping defense-aerospace WEB — next fetch in ~691m
[2026-05-10T23:30:47]   Skipping janes Insights — next fetch in ~683m
[2026-05-10T23:31:10]   Skipping HuggingFace Blog — next fetch in ~501m
[2026-05-10T23:31:10]   Skipping Understanding AI — next fetch in ~2210m
[2026-05-10T23:31:10]   Skipping Artificial Intelligence - News — next fetch in ~5245m
[2026-05-10T23:31:10]   Skipping Defense News — next fetch in ~685m
[2026-05-10T23:31:10]   Skipping Breaking Defense — next fetch in ~693m
[2026-05-10T23:31:10]   Skipping defenseone — next fetch in ~690m
[2026-05-10T23:31:10]   Skipping ukdefencejournal — next fetch in ~685m
[2026-05-10T23:31:10]   Skipping defenceiq - defence-technology — next fetch in ~687m
[2026-05-10T23:31:10]   Skipping defenceiq - air-forces-military-aircraft — next fetch in ~685m
[2026-05-10T23:31:10]   Skipping defense-aerospace WEB — next fetch in ~690m
[2026-05-10T23:31:10]   Skipping janes Insights — next fetch in ~683m
[2026-05-10T23:33:40]   Skipping HuggingFace Blog — next fetch in ~498m
[2026-05-10T23:33:40]   Skipping Understanding AI — next fetch in ~2208m
[2026-05-10T23:33:40]   Skipping Artificial Intelligence - News — next fetch in ~5242m
[2026-05-10T23:33:40]   Skipping Defense News — next fetch in ~682m
[2026-05-10T23:33:40]   Skipping Breaking Defense — next fetch in ~691m
[2026-05-10T23:33:40]   Skipping defenseone — next fetch in ~687m
[2026-05-10T23:33:40]   Skipping ukdefencejournal — next fetch in ~682m
[2026-05-10T23:33:40]   Skipping defenceiq - defence-technology — next fetch in ~685m
[2026-05-10T23:33:40]   Skipping defenceiq - air-forces-military-aircraft — next fetch in ~682m
[2026-05-10T23:33:40]   Skipping defense-aerospace WEB — next fetch in ~688m
[2026-05-10T23:33:40]   Skipping janes Insights — next fetch in ~680m
[2026-05-11T06:44:08]   Skipping HuggingFace Blog — next fetch in ~68m
[2026-05-11T06:44:08]   Skipping Understanding AI — next fetch in ~1777m
[2026-05-11T06:44:08]   Skipping Artificial Intelligence - News — next fetch in ~4812m
[2026-05-11T06:44:08]   Skipping Defense News — next fetch in ~252m
[2026-05-11T06:44:08]   Skipping Breaking Defense — next fetch in ~260m
[2026-05-11T06:44:08]   Skipping defenseone — next fetch in ~257m
[2026-05-11T06:44:08]   Skipping ukdefencejournal — next fetch in ~252m
[2026-05-11T06:44:08]   Skipping defenceiq - defence-technology — next fetch in ~254m
[2026-05-11T06:44:08]   Skipping defenceiq - air-forces-military-aircraft — next fetch in ~252m
[2026-05-11T06:44:08]   Skipping defense-aerospace WEB — next fetch in ~257m
[2026-05-11T06:44:08]   Skipping janes Insights — next fetch in ~250m
[2026-05-11T06:52:11]   Skipping HuggingFace Blog — next fetch in ~59m
[2026-05-11T07:30:09]   Skipping HuggingFace Blog — next fetch in ~22m
[2026-05-11T07:30:09]   Skipping Understanding AI — next fetch in ~1731m
[2026-05-11T07:30:09]   Skipping Artificial Intelligence - News — next fetch in ~4766m
[2026-05-11T07:30:09]   Skipping Defense News — next fetch in ~206m
[2026-05-11T07:30:09]   Skipping Breaking Defense — next fetch in ~214m
[2026-05-11T07:30:09]   Skipping defenseone — next fetch in ~211m
[2026-05-11T07:30:09]   Skipping ukdefencejournal — next fetch in ~206m
[2026-05-11T07:30:09]   Skipping defenceiq - defence-technology — next fetch in ~208m
[2026-05-11T07:30:09]   Skipping defenceiq - air-forces-military-aircraft — next fetch in ~206m
[2026-05-11T07:30:09]   Skipping defense-aerospace WEB — next fetch in ~211m
[2026-05-11T07:30:09]   Skipping janes Insights — next fetch in ~204m
[2026-05-11T07:30:09]   Skipping HuggingFace Blog — next fetch in ~22m
[2026-05-11T07:45:49]   Skipping HuggingFace Blog — next fetch in ~6m
[2026-05-11T07:45:49]   Skipping Understanding AI — next fetch in ~1716m
[2026-05-11T07:45:50]   Skipping Artificial Intelligence - News — next fetch in ~4750m
[2026-05-11T07:45:50]   Skipping Defense News — next fetch in ~190m
[2026-05-11T07:45:50]   Skipping Breaking Defense — next fetch in ~199m
[2026-05-11T07:45:50]   Skipping defenseone — next fetch in ~195m
[2026-05-11T07:45:50]   Skipping ukdefencejournal — next fetch in ~190m
[2026-05-11T07:45:50]   Skipping defenceiq - defence-technology — next fetch in ~192m
[2026-05-11T07:45:50]   Skipping defenceiq - air-forces-military-aircraft — next fetch in ~190m
[2026-05-11T07:45:50]   Skipping defense-aerospace WEB — next fetch in ~196m
[2026-05-11T07:45:50]   Skipping janes Insights — next fetch in ~188m
[2026-05-11T07:45:50]   Skipping HuggingFace Blog — next fetch in ~6m
[2026-05-11T08:00:31] Ingesting: HuggingFace Blog
[2026-05-11T08:00:31]   Skipping Understanding AI — next fetch in ~1701m
[2026-05-11T08:00:31]   Skipping Artificial Intelligence - News — next fetch in ~4736m
[2026-05-11T08:00:31]   Skipping Defense News — next fetch in ~176m
[2026-05-11T08:00:31]   Skipping Breaking Defense — next fetch in ~184m
[2026-05-11T08:00:31]   Skipping defenseone — next fetch in ~180m
[2026-05-11T08:00:31]   Skipping ukdefencejournal — next fetch in ~175m
[2026-05-11T08:00:31]   Skipping defenceiq - defence-technology — next fetch in ~178m
[2026-05-11T08:00:31]   Skipping defenceiq - air-forces-military-aircraft — next fetch in ~175m
[2026-05-11T08:00:31]   Skipping defense-aerospace WEB — next fetch in ~181m
[2026-05-11T08:00:31]   Skipping janes Insights — next fetch in ~173m
[2026-05-11T08:00:39]   HuggingFace Blog: +1 entries in 7.2s [good]
[2026-05-11T08:00:39] Ingesting: HuggingFace Blog
[2026-05-11T08:00:46]   HuggingFace Blog: +0 entries in 7.2s [good]
[2026-05-11T18:13:40]   Skipping HuggingFace Blog — next fetch in ~2987m
[2026-05-11T18:13:40]   Skipping Understanding AI — next fetch in ~1088m
[2026-05-11T18:13:40]   Skipping Artificial Intelligence - News — next fetch in ~4122m
[2026-05-11T18:13:40] Ingesting: Defense News
[2026-05-11T18:14:00]   Defense News: +5 entries in 20.2s [good]
[2026-05-11T18:14:00] Ingesting: Breaking Defense
[2026-05-11T18:14:06]   Breaking Defense: +4 entries in 6.4s [good]
[2026-05-11T18:14:06] Ingesting: defenseone
[2026-05-11T18:14:27]   defenseone: +1 entries in 20.4s [good]
[2026-05-11T18:14:27] Ingesting: ukdefencejournal
[2026-05-11T18:14:30]   ukdefencejournal: +4 entries in 3.4s [good]
[2026-05-11T18:14:30] Ingesting: defenceiq - defence-technology
[2026-05-11T18:14:47]   defenceiq - defence-technology: +0 entries in 16.8s [good]
[2026-05-11T18:14:47] Ingesting: defenceiq - air-forces-military-aircraft
[2026-05-11T18:15:08]   defenceiq - air-forces-military-aircraft: +0 entries in 20.9s [good]
[2026-05-11T18:15:08] Web crawl: defense-aerospace WEB (https://www.defense-aerospace.com/)
[2026-05-11T18:15:08]   defense-aerospace WEB: 50 level-1 candidates
[2026-05-11T18:15:32]   defense-aerospace WEB: +0 articles from 50 pages in 24.0s [good]
[2026-05-11T18:15:32] Web crawl: janes Insights (https://www.janes.com/osint-insights/defence-news)
[2026-05-11T18:15:32]   janes Insights: 35 level-1 candidates
[2026-05-11T18:15:56]   janes Insights: +5 articles from 35 pages in 24.4s [good]
[2026-05-11T18:15:56] Ingesting: defenceiq - defence-technology
[2026-05-11T18:16:14]   defenceiq - defence-technology: +0 entries in 17.3s [good]
[2026-05-11T18:16:14] Ingesting: ukdefencejournal
[2026-05-11T18:16:17]   ukdefencejournal: +0 entries in 3.4s [good]
[2026-05-11T18:16:17] Web crawl: janes Insights (https://www.janes.com/osint-insights/defence-news)
[2026-05-11T18:16:17]   janes Insights: 35 level-1 candidates
[2026-05-11T18:16:42]   janes Insights: +0 articles from 35 pages in 25.4s [good]
[2026-05-11T18:16:42] Ingesting: Breaking Defense
[2026-05-11T18:16:50]   Breaking Defense: +0 entries in 7.3s [good]
[2026-05-11T18:16:50] Web crawl: defense-aerospace WEB (https://www.defense-aerospace.com/)
[2026-05-11T18:16:50]   defense-aerospace WEB: 50 level-1 candidates
[2026-05-11T18:17:02]   defense-aerospace WEB: +0 articles from 50 pages in 12.6s [good]
[2026-05-11T18:17:02] Ingesting: defenseone
[2026-05-11T18:17:22]   defenseone: +0 entries in 19.4s [good]
[2026-05-11T18:17:22] Ingesting: defenceiq - air-forces-military-aircraft
[2026-05-11T18:17:40]   defenceiq - air-forces-military-aircraft: +0 entries in 18.4s [good]
[2026-05-11T18:17:40] Ingesting: Defense News
[2026-05-11T18:17:52]   Defense News: +0 entries in 11.5s [good]
[2026-05-11T19:00:21]   Skipping HuggingFace Blog — next fetch in ~2940m
[2026-05-11T19:00:21]   Skipping Understanding AI — next fetch in ~1041m
[2026-05-11T19:00:21]   Skipping Artificial Intelligence - News — next fetch in ~4076m
[2026-05-11T19:00:21]   Skipping Defense News — next fetch in ~2955m
[2026-05-11T19:00:21]   Skipping Breaking Defense — next fetch in ~2963m
[2026-05-11T19:00:21]   Skipping defenseone — next fetch in ~2960m
[2026-05-11T19:00:21]   Skipping ukdefencejournal — next fetch in ~2954m
[2026-05-11T19:00:21]   Skipping defenceiq - defence-technology — next fetch in ~2956m
[2026-05-11T19:00:21]   Skipping defenceiq - air-forces-military-aircraft — next fetch in ~2954m
[2026-05-11T19:00:21]   Skipping defense-aerospace WEB — next fetch in ~2959m
[2026-05-11T19:00:21]   Skipping janes Insights — next fetch in ~2952m
[2026-05-11T19:03:13]   Skipping HuggingFace Blog — next fetch in ~2937m
[2026-05-11T19:03:13]   Skipping Understanding AI — next fetch in ~1038m
[2026-05-11T19:03:13]   Skipping Artificial Intelligence - News — next fetch in ~4073m
[2026-05-11T19:03:13]   Skipping Defense News — next fetch in ~2952m
[2026-05-11T19:03:13]   Skipping Breaking Defense — next fetch in ~2960m
[2026-05-11T19:03:13]   Skipping defenseone — next fetch in ~2957m
[2026-05-11T19:03:13]   Skipping ukdefencejournal — next fetch in ~2952m
[2026-05-11T19:03:13]   Skipping defenceiq - defence-technology — next fetch in ~2953m
[2026-05-11T19:03:13]   Skipping defenceiq - air-forces-military-aircraft — next fetch in ~2951m
[2026-05-11T19:03:13]   Skipping defense-aerospace WEB — next fetch in ~2956m
[2026-05-11T19:03:13]   Skipping janes Insights — next fetch in ~2949m
[2026-05-11T19:11:50]   Skipping HuggingFace Blog — next fetch in ~2928m
[2026-05-11T19:11:50]   Skipping Understanding AI — next fetch in ~1030m
[2026-05-11T19:11:50]   Skipping Artificial Intelligence - News — next fetch in ~4064m
[2026-05-11T19:11:50]   Skipping Defense News — next fetch in ~2944m
[2026-05-11T19:11:50]   Skipping Breaking Defense — next fetch in ~2951m
[2026-05-11T19:11:50]   Skipping defenseone — next fetch in ~2948m
[2026-05-11T19:11:50]   Skipping ukdefencejournal — next fetch in ~2943m
[2026-05-11T19:11:50]   Skipping defenceiq - defence-technology — next fetch in ~2945m
[2026-05-11T19:11:50]   Skipping defenceiq - air-forces-military-aircraft — next fetch in ~2942m
[2026-05-11T19:11:50]   Skipping defense-aerospace WEB — next fetch in ~2948m
[2026-05-11T19:11:50]   Skipping janes Insights — next fetch in ~2940m
[2026-05-11T21:16:23]   Skipping HuggingFace Blog — next fetch in ~2804m
[2026-05-11T21:16:23]   Skipping Understanding AI — next fetch in ~905m
[2026-05-11T21:16:23]   Skipping Artificial Intelligence - News — next fetch in ~3940m
[2026-05-11T21:16:23]   Skipping Defense News — next fetch in ~2819m
[2026-05-11T21:16:23]   Skipping Breaking Defense — next fetch in ~2827m
[2026-05-11T21:16:23]   Skipping defenseone — next fetch in ~2823m
[2026-05-11T21:16:23]   Skipping ukdefencejournal — next fetch in ~2818m
[2026-05-11T21:16:23]   Skipping defenceiq - defence-technology — next fetch in ~2820m
[2026-05-11T21:16:23]   Skipping defenceiq - air-forces-military-aircraft — next fetch in ~2818m
[2026-05-11T21:16:23]   Skipping defense-aerospace WEB — next fetch in ~2823m
[2026-05-11T21:16:23]   Skipping janes Insights — next fetch in ~2816m
[2026-05-11T22:08:41]   Skipping HuggingFace Blog — next fetch in ~2752m
[2026-05-11T22:08:41]   Skipping Understanding AI — next fetch in ~853m
[2026-05-11T22:08:41]   Skipping Artificial Intelligence - News — next fetch in ~3887m
[2026-05-11T22:08:41]   Skipping Defense News — next fetch in ~2767m
[2026-05-11T22:08:41]   Skipping Breaking Defense — next fetch in ~2775m
[2026-05-11T22:08:41]   Skipping defenseone — next fetch in ~2771m
[2026-05-11T22:08:41]   Skipping ukdefencejournal — next fetch in ~2766m
[2026-05-11T22:08:41]   Skipping defenceiq - defence-technology — next fetch in ~2768m
[2026-05-11T22:08:41]   Skipping defenceiq - air-forces-military-aircraft — next fetch in ~2765m
[2026-05-11T22:08:41]   Skipping defense-aerospace WEB — next fetch in ~2771m
[2026-05-11T22:08:41]   Skipping janes Insights — next fetch in ~2764m
[2026-05-11T22:11:17]   Skipping HuggingFace Blog — next fetch in ~2749m
[2026-05-11T22:11:17]   Skipping Understanding AI — next fetch in ~850m
[2026-05-11T22:11:17]   Skipping Artificial Intelligence - News — next fetch in ~3885m
[2026-05-11T22:11:17]   Skipping Defense News — next fetch in ~2764m
[2026-05-11T22:11:17]   Skipping Breaking Defense — next fetch in ~2772m
[2026-05-11T22:11:17]   Skipping defenseone — next fetch in ~2769m
[2026-05-11T22:11:17]   Skipping ukdefencejournal — next fetch in ~2763m
[2026-05-11T22:11:17]   Skipping defenceiq - defence-technology — next fetch in ~2765m
[2026-05-11T22:11:17]   Skipping defenceiq - air-forces-military-aircraft — next fetch in ~2763m
[2026-05-11T22:11:17]   Skipping defense-aerospace WEB — next fetch in ~2768m
[2026-05-11T22:11:17]   Skipping janes Insights — next fetch in ~2761m
[2026-05-11T22:22:50]   Skipping HuggingFace Blog — next fetch in ~2737m
[2026-05-11T22:22:50]   Skipping Understanding AI — next fetch in ~839m
[2026-05-11T22:22:50]   Skipping Artificial Intelligence - News — next fetch in ~3873m
[2026-05-11T22:22:50]   Skipping Defense News — next fetch in ~2753m
[2026-05-11T22:22:50]   Skipping Breaking Defense — next fetch in ~2760m
[2026-05-11T22:22:50]   Skipping defenseone — next fetch in ~2757m
[2026-05-11T22:22:50]   Skipping ukdefencejournal — next fetch in ~2752m
[2026-05-11T22:22:50]   Skipping defenceiq - defence-technology — next fetch in ~2754m
[2026-05-11T22:22:50]   Skipping defenceiq - air-forces-military-aircraft — next fetch in ~2751m
[2026-05-11T22:22:50]   Skipping defense-aerospace WEB — next fetch in ~2757m
[2026-05-11T22:22:50]   Skipping janes Insights — next fetch in ~2749m
[2026-05-11T22:29:15]   Skipping HuggingFace Blog — next fetch in ~2731m
[2026-05-11T22:29:15]   Skipping Understanding AI — next fetch in ~832m
[2026-05-11T22:29:15]   Skipping Artificial Intelligence - News — next fetch in ~3867m
[2026-05-11T22:29:15]   Skipping Defense News — next fetch in ~2746m
[2026-05-11T22:29:15]   Skipping Breaking Defense — next fetch in ~2754m
[2026-05-11T22:29:15]   Skipping defenseone — next fetch in ~2751m
[2026-05-11T22:29:15]   Skipping ukdefencejournal — next fetch in ~2746m
[2026-05-11T22:29:15]   Skipping defenceiq - defence-technology — next fetch in ~2747m
[2026-05-11T22:29:15]   Skipping defenceiq - air-forces-military-aircraft — next fetch in ~2745m
[2026-05-11T22:29:15]   Skipping defense-aerospace WEB — next fetch in ~2750m
[2026-05-11T22:29:15]   Skipping janes Insights — next fetch in ~2743m
[2026-05-11T22:32:11]   Skipping HuggingFace Blog — next fetch in ~2728m
[2026-05-11T22:32:11]   Skipping Understanding AI — next fetch in ~829m
[2026-05-11T22:32:11]   Skipping Artificial Intelligence - News — next fetch in ~3864m
[2026-05-11T22:32:11]   Skipping Defense News — next fetch in ~2743m
[2026-05-11T22:32:11]   Skipping Breaking Defense — next fetch in ~2751m
[2026-05-11T22:32:11]   Skipping defenseone — next fetch in ~2748m
[2026-05-11T22:32:11]   Skipping ukdefencejournal — next fetch in ~2743m
[2026-05-11T22:32:11]   Skipping defenceiq - defence-technology — next fetch in ~2745m
[2026-05-11T22:32:11]   Skipping defenceiq - air-forces-military-aircraft — next fetch in ~2742m
[2026-05-11T22:32:11]   Skipping defense-aerospace WEB — next fetch in ~2747m
[2026-05-11T22:32:11]   Skipping janes Insights — next fetch in ~2740m
[2026-05-11T22:33:56]   Skipping HuggingFace Blog — next fetch in ~2726m
[2026-05-11T22:33:56]   Skipping Understanding AI — next fetch in ~828m
[2026-05-11T22:33:56]   Skipping Artificial Intelligence - News — next fetch in ~3862m
[2026-05-11T22:33:56]   Skipping Defense News — next fetch in ~2741m
[2026-05-11T22:33:56]   Skipping Breaking Defense — next fetch in ~2749m
[2026-05-11T22:33:56]   Skipping defenseone — next fetch in ~2746m
[2026-05-11T22:33:56]   Skipping ukdefencejournal — next fetch in ~2741m
[2026-05-11T22:33:56]   Skipping defenceiq - defence-technology — next fetch in ~2743m
[2026-05-11T22:33:56]   Skipping defenceiq - air-forces-military-aircraft — next fetch in ~2740m
[2026-05-11T22:33:56]   Skipping defense-aerospace WEB — next fetch in ~2746m
[2026-05-11T22:33:56]   Skipping janes Insights — next fetch in ~2738m
[2026-05-11T22:35:25]   Skipping HuggingFace Blog — next fetch in ~2725m
[2026-05-11T22:35:25]   Skipping Understanding AI — next fetch in ~826m
[2026-05-11T22:35:25]   Skipping Artificial Intelligence - News — next fetch in ~3861m
[2026-05-11T22:35:25]   Skipping Defense News — next fetch in ~2740m
[2026-05-11T22:35:25]   Skipping Breaking Defense — next fetch in ~2748m
[2026-05-11T22:35:25]   Skipping defenseone — next fetch in ~2744m
[2026-05-11T22:35:25]   Skipping ukdefencejournal — next fetch in ~2739m
[2026-05-11T22:35:25]   Skipping defenceiq - defence-technology — next fetch in ~2741m
[2026-05-11T22:35:25]   Skipping defenceiq - air-forces-military-aircraft — next fetch in ~2739m
[2026-05-11T22:35:25]   Skipping defense-aerospace WEB — next fetch in ~2744m
[2026-05-11T22:35:25]   Skipping janes Insights — next fetch in ~2737m
[2026-05-11T22:43:46]   Skipping HuggingFace Blog — next fetch in ~2716m
[2026-05-11T22:43:46]   Skipping Understanding AI — next fetch in ~818m
[2026-05-11T22:43:46]   Skipping Artificial Intelligence - News — next fetch in ~3852m
[2026-05-11T22:43:46]   Skipping Defense News — next fetch in ~2732m
[2026-05-11T22:43:46]   Skipping Breaking Defense — next fetch in ~2740m
[2026-05-11T22:43:46]   Skipping defenseone — next fetch in ~2736m
[2026-05-11T22:43:46]   Skipping ukdefencejournal — next fetch in ~2731m
[2026-05-11T22:43:46]   Skipping defenceiq - defence-technology — next fetch in ~2733m
[2026-05-11T22:43:46]   Skipping defenceiq - air-forces-military-aircraft — next fetch in ~2730m
[2026-05-11T22:43:46]   Skipping defense-aerospace WEB — next fetch in ~2736m
[2026-05-11T22:43:46]   Skipping janes Insights — next fetch in ~2728m
[2026-05-12T21:39:19]   Skipping HuggingFace Blog — next fetch in ~1341m
[2026-05-12T21:39:19] Ingesting: Understanding AI
[2026-05-12T21:39:19]   Skipping Artificial Intelligence - News — next fetch in ~2477m
[2026-05-12T21:39:19]   Skipping Defense News — next fetch in ~1356m
[2026-05-12T21:39:19]   Skipping Breaking Defense — next fetch in ~1364m
[2026-05-12T21:39:19]   Skipping defenseone — next fetch in ~1361m
[2026-05-12T21:39:19]   Skipping ukdefencejournal — next fetch in ~1355m
[2026-05-12T21:39:19]   Skipping defenceiq - defence-technology — next fetch in ~1357m
[2026-05-12T21:39:19]   Skipping defenceiq - air-forces-military-aircraft — next fetch in ~1355m
[2026-05-12T21:39:19]   Skipping defense-aerospace WEB — next fetch in ~1360m
[2026-05-12T21:39:19]   Skipping janes Insights — next fetch in ~1353m
[2026-05-12T21:39:21]   Understanding AI: +0 entries in 1.9s [good]
[2026-05-12T21:39:21] Ingesting: Understanding AI
[2026-05-12T21:39:23]   Understanding AI: +0 entries in 1.4s [good]
[2026-05-12T21:57:12]   Skipping HuggingFace Blog — next fetch in ~1323m
[2026-05-12T21:57:12]   Skipping Understanding AI — next fetch in ~5292m
[2026-05-12T21:57:12]   Skipping Artificial Intelligence - News — next fetch in ~2459m
[2026-05-12T21:57:12]   Skipping Defense News — next fetch in ~1338m
[2026-05-12T21:57:12]   Skipping Breaking Defense — next fetch in ~1346m
[2026-05-12T21:57:12]   Skipping defenseone — next fetch in ~1343m
[2026-05-12T21:57:12]   Skipping ukdefencejournal — next fetch in ~1338m
[2026-05-12T21:57:12]   Skipping defenceiq - defence-technology — next fetch in ~1340m
[2026-05-12T21:57:12]   Skipping defenceiq - air-forces-military-aircraft — next fetch in ~1337m
[2026-05-12T21:57:12]   Skipping defense-aerospace WEB — next fetch in ~1342m
[2026-05-12T21:57:12]   Skipping janes Insights — next fetch in ~1335m
[2026-05-12T22:03:22]   Skipping HuggingFace Blog — next fetch in ~1317m
[2026-05-12T22:03:22]   Skipping Understanding AI — next fetch in ~5286m
[2026-05-12T22:03:22]   Skipping Artificial Intelligence - News — next fetch in ~2453m
[2026-05-12T22:03:22]   Skipping Defense News — next fetch in ~1332m
[2026-05-12T22:03:22]   Skipping Breaking Defense — next fetch in ~1340m
[2026-05-12T22:03:22]   Skipping defenseone — next fetch in ~1336m
[2026-05-12T22:03:22]   Skipping ukdefencejournal — next fetch in ~1331m
[2026-05-12T22:03:22]   Skipping defenceiq - defence-technology — next fetch in ~1333m
[2026-05-12T22:03:22]   Skipping defenceiq - air-forces-military-aircraft — next fetch in ~1331m
[2026-05-12T22:03:22]   Skipping defense-aerospace WEB — next fetch in ~1336m
[2026-05-12T22:03:22]   Skipping janes Insights — next fetch in ~1329m
[2026-05-12T22:17:45]   Skipping HuggingFace Blog — next fetch in ~1303m
[2026-05-12T22:17:45]   Skipping Understanding AI — next fetch in ~5271m
[2026-05-12T22:17:45]   Skipping Artificial Intelligence - News — next fetch in ~2438m
[2026-05-12T22:17:45]   Skipping Defense News — next fetch in ~1318m
[2026-05-12T22:17:45]   Skipping Breaking Defense — next fetch in ~1326m
[2026-05-12T22:17:45]   Skipping defenseone — next fetch in ~1322m
[2026-05-12T22:17:45]   Skipping ukdefencejournal — next fetch in ~1317m
[2026-05-12T22:17:45]   Skipping defenceiq - defence-technology — next fetch in ~1319m
[2026-05-12T22:17:45]   Skipping defenceiq - air-forces-military-aircraft — next fetch in ~1316m
[2026-05-12T22:17:45]   Skipping defense-aerospace WEB — next fetch in ~1322m
[2026-05-12T22:17:45]   Skipping janes Insights — next fetch in ~1314m
[2026-05-12T22:30:34]   Skipping HuggingFace Blog — next fetch in ~1290m
[2026-05-12T22:30:34]   Skipping Understanding AI — next fetch in ~5258m
[2026-05-12T22:30:34]   Skipping Artificial Intelligence - News — next fetch in ~2426m
[2026-05-12T22:30:34]   Skipping Defense News — next fetch in ~1305m
[2026-05-12T22:30:34]   Skipping Breaking Defense — next fetch in ~1313m
[2026-05-12T22:30:34]   Skipping defenseone — next fetch in ~1309m
[2026-05-12T22:30:34]   Skipping ukdefencejournal — next fetch in ~1304m
[2026-05-12T22:30:34]   Skipping defenceiq - defence-technology — next fetch in ~1306m
[2026-05-12T22:30:34]   Skipping defenceiq - air-forces-military-aircraft — next fetch in ~1304m
[2026-05-12T22:30:34]   Skipping defense-aerospace WEB — next fetch in ~1309m
[2026-05-12T22:30:34]   Skipping janes Insights — next fetch in ~1302m
[2026-05-12T22:34:34]   Skipping HuggingFace Blog — next fetch in ~1286m
[2026-05-12T22:34:34]   Skipping Understanding AI — next fetch in ~5254m
[2026-05-12T22:34:34]   Skipping Artificial Intelligence - News — next fetch in ~2422m
[2026-05-12T22:34:34]   Skipping Defense News — next fetch in ~1301m
[2026-05-12T22:34:34]   Skipping Breaking Defense — next fetch in ~1309m
[2026-05-12T22:34:34]   Skipping defenseone — next fetch in ~1305m
[2026-05-12T22:34:34]   Skipping ukdefencejournal — next fetch in ~1300m
[2026-05-12T22:34:34]   Skipping defenceiq - defence-technology — next fetch in ~1302m
[2026-05-12T22:34:34]   Skipping defenceiq - air-forces-military-aircraft — next fetch in ~1300m
[2026-05-12T22:34:34]   Skipping defense-aerospace WEB — next fetch in ~1305m
[2026-05-12T22:34:34]   Skipping janes Insights — next fetch in ~1298m
[2026-05-12T22:38:44]   Skipping HuggingFace Blog — next fetch in ~1282m
[2026-05-12T22:38:44]   Skipping Understanding AI — next fetch in ~5250m
[2026-05-12T22:38:44]   Skipping Artificial Intelligence - News — next fetch in ~2417m
[2026-05-12T22:38:44]   Skipping Defense News — next fetch in ~1297m
[2026-05-12T22:38:44]   Skipping Breaking Defense — next fetch in ~1305m
[2026-05-12T22:38:44]   Skipping defenseone — next fetch in ~1301m
[2026-05-12T22:38:44]   Skipping ukdefencejournal — next fetch in ~1296m
[2026-05-12T22:38:44]   Skipping defenceiq - defence-technology — next fetch in ~1298m
[2026-05-12T22:38:44]   Skipping defenceiq - air-forces-military-aircraft — next fetch in ~1295m
[2026-05-12T22:38:44]   Skipping defense-aerospace WEB — next fetch in ~1301m
[2026-05-12T22:38:44]   Skipping janes Insights — next fetch in ~1293m
[2026-05-12T22:49:56]   Skipping HuggingFace Blog — next fetch in ~1270m
[2026-05-12T22:49:56]   Skipping Understanding AI — next fetch in ~5239m
[2026-05-12T22:49:56]   Skipping Artificial Intelligence - News — next fetch in ~2406m
[2026-05-12T22:49:56]   Skipping Defense News — next fetch in ~1285m
[2026-05-12T22:49:56]   Skipping Breaking Defense — next fetch in ~1293m
[2026-05-12T22:49:56]   Skipping defenseone — next fetch in ~1290m
[2026-05-12T22:49:56]   Skipping ukdefencejournal — next fetch in ~1285m
[2026-05-12T22:49:56]   Skipping defenceiq - defence-technology — next fetch in ~1287m
[2026-05-12T22:49:56]   Skipping defenceiq - air-forces-military-aircraft — next fetch in ~1284m
[2026-05-12T22:49:56]   Skipping defense-aerospace WEB — next fetch in ~1290m
[2026-05-12T22:49:56]   Skipping janes Insights — next fetch in ~1282m
[2026-05-12T22:53:49]   Skipping HuggingFace Blog — next fetch in ~1266m
[2026-05-12T22:53:49]   Skipping Understanding AI — next fetch in ~5235m
[2026-05-12T22:53:49]   Skipping Artificial Intelligence - News — next fetch in ~2402m
[2026-05-12T22:53:49]   Skipping Defense News — next fetch in ~1282m
[2026-05-12T22:53:49]   Skipping Breaking Defense — next fetch in ~1290m
[2026-05-12T22:53:49]   Skipping defenseone — next fetch in ~1286m
[2026-05-12T22:53:49]   Skipping ukdefencejournal — next fetch in ~1281m
[2026-05-12T22:53:49]   Skipping defenceiq - defence-technology — next fetch in ~1283m
[2026-05-12T22:53:49]   Skipping defenceiq - air-forces-military-aircraft — next fetch in ~1280m
[2026-05-12T22:53:49]   Skipping defense-aerospace WEB — next fetch in ~1286m
[2026-05-12T22:53:49]   Skipping janes Insights — next fetch in ~1278m
[2026-05-12T22:59:51]   Skipping HuggingFace Blog — next fetch in ~1260m
[2026-05-12T22:59:51]   Skipping Understanding AI — next fetch in ~5229m
[2026-05-12T22:59:51]   Skipping Artificial Intelligence - News — next fetch in ~2396m
[2026-05-12T22:59:51]   Skipping Defense News — next fetch in ~1276m
[2026-05-12T22:59:51]   Skipping Breaking Defense — next fetch in ~1283m
[2026-05-12T22:59:51]   Skipping defenseone — next fetch in ~1280m
[2026-05-12T22:59:51]   Skipping ukdefencejournal — next fetch in ~1275m
[2026-05-12T22:59:51]   Skipping defenceiq - defence-technology — next fetch in ~1277m
[2026-05-12T22:59:51]   Skipping defenceiq - air-forces-military-aircraft — next fetch in ~1274m
[2026-05-12T22:59:51]   Skipping defense-aerospace WEB — next fetch in ~1280m
[2026-05-12T22:59:51]   Skipping janes Insights — next fetch in ~1272m
[2026-05-12T23:05:02]   Skipping HuggingFace Blog — next fetch in ~1255m
[2026-05-12T23:05:02]   Skipping Understanding AI — next fetch in ~5224m
[2026-05-12T23:05:02]   Skipping Artificial Intelligence - News — next fetch in ~2391m
[2026-05-12T23:05:02]   Skipping Defense News — next fetch in ~1270m
[2026-05-12T23:05:02]   Skipping Breaking Defense — next fetch in ~1278m
[2026-05-12T23:05:02]   Skipping defenseone — next fetch in ~1275m
[2026-05-12T23:05:02]   Skipping ukdefencejournal — next fetch in ~1270m
[2026-05-12T23:05:02]   Skipping defenceiq - defence-technology — next fetch in ~1272m
[2026-05-12T23:05:02]   Skipping defenceiq - air-forces-military-aircraft — next fetch in ~1269m
[2026-05-12T23:05:02]   Skipping defense-aerospace WEB — next fetch in ~1274m
[2026-05-12T23:05:02]   Skipping janes Insights — next fetch in ~1267m
[2026-05-12T23:11:44]   Skipping HuggingFace Blog — next fetch in ~1249m
[2026-05-12T23:11:44]   Skipping Understanding AI — next fetch in ~5217m
[2026-05-12T23:11:44]   Skipping Artificial Intelligence - News — next fetch in ~2384m
[2026-05-12T23:11:44]   Skipping Defense News — next fetch in ~1264m
[2026-05-12T23:11:44]   Skipping Breaking Defense — next fetch in ~1272m
[2026-05-12T23:11:44]   Skipping defenseone — next fetch in ~1268m
[2026-05-12T23:11:44]   Skipping ukdefencejournal — next fetch in ~1263m
[2026-05-12T23:11:44]   Skipping defenceiq - defence-technology — next fetch in ~1265m
[2026-05-12T23:11:44]   Skipping defenceiq - air-forces-military-aircraft — next fetch in ~1262m
[2026-05-12T23:11:44]   Skipping defense-aerospace WEB — next fetch in ~1268m
[2026-05-12T23:11:44]   Skipping janes Insights — next fetch in ~1260m
[2026-05-12T23:30:47]   Skipping HuggingFace Blog — next fetch in ~1229m
[2026-05-12T23:30:47]   Skipping Understanding AI — next fetch in ~5198m
[2026-05-12T23:30:47]   Skipping Artificial Intelligence - News — next fetch in ~2365m
[2026-05-12T23:30:47]   Skipping Defense News — next fetch in ~1245m
[2026-05-12T23:30:47]   Skipping Breaking Defense — next fetch in ~1253m
[2026-05-12T23:30:47]   Skipping defenseone — next fetch in ~1249m
[2026-05-12T23:30:47]   Skipping ukdefencejournal — next fetch in ~1244m
[2026-05-12T23:30:47]   Skipping defenceiq - defence-technology — next fetch in ~1246m
[2026-05-12T23:30:47]   Skipping defenceiq - air-forces-military-aircraft — next fetch in ~1243m
[2026-05-12T23:30:47]   Skipping defense-aerospace WEB — next fetch in ~1249m
[2026-05-12T23:30:47]   Skipping janes Insights — next fetch in ~1241m
